app/build/intermediates/manifest_merge_blame_file/debug/manifest-merger-blame-debug-report.txt
1<?xml version="1.0" encoding="utf-8"?>
2<manifest xmlns:android="http://schemas.android.com/apk/res/android"
3    package="net.huray.caresens"
4    android:versionCode="1"
5    android:versionName="1.0" >
6
7    <uses-sdk
8        android:minSdkVersion="21"
8-->src/main/AndroidManifest.xml
9        android:targetSdkVersion="31" />
9-->src/main/AndroidManifest.xml
10
11    <uses-permission android:name="android.permission.BLUETOOTH" />
11-->src/main/AndroidManifest.xml:6:5-68
11-->src/main/AndroidManifest.xml:6:22-65
12    <uses-permission android:name="android.permission.BLUETOOTH_ADMIN" />
12-->src/main/AndroidManifest.xml:7:5-74
12-->src/main/AndroidManifest.xml:7:22-71
13    <uses-permission android:name="android.permission.BLUETOOTH_SCAN" />
13-->src/main/AndroidManifest.xml:8:5-72
13-->src/main/AndroidManifest.xml:8:22-70
14    <uses-permission android:name="android.permission.BLUETOOTH_CONNECT" />
14-->src/main/AndroidManifest.xml:9:5-76
14-->src/main/AndroidManifest.xml:9:22-73
15    <uses-permission android:name="android.permission.ACCESS_COARSE_LOCATION" />
15-->src/main/AndroidManifest.xml:10:5-81
15-->src/main/AndroidManifest.xml:10:22-78
16    <uses-permission android:name="android.permission.ACCESS_FINE_LOCATION" />
16-->src/main/AndroidManifest.xml:11:5-79
16-->src/main/AndroidManifest.xml:11:22-76
17    <uses-permission android:name="android.permission.INTERNET" />
17-->src/main/AndroidManifest.xml:12:5-67
17-->src/main/AndroidManifest.xml:12:22-64
18    <uses-permission android:name="android.permission.ACCESS_NETWORK_STATE" />
18-->src/main/AndroidManifest.xml:13:5-79
18-->src/main/AndroidManifest.xml:13:22-76
19
20    <uses-feature
20-->[:caresensOriginalSdk] AndroidManifest.xml:10:5-12:36
21        android:name="android.hardware.bluetooth_le"
21-->[:caresensOriginalSdk] AndroidManifest.xml:11:9-53
22        android:required="false" />
22-->[:caresensOriginalSdk] AndroidManifest.xml:12:9-33
23
24    <uses-permission android:name="android.permission.RECEIVE_BOOT_COMPLETED" />
24-->[:caresensOriginalSdk] AndroidManifest.xml:20:5-81
24-->[:caresensOriginalSdk] AndroidManifest.xml:20:22-78
25
26    <application
26-->src/main/AndroidManifest.xml:14:5-51:19
27        android:allowBackup="true"
27-->src/main/AndroidManifest.xml:15:9-35
28        android:appComponentFactory="androidx.core.app.CoreComponentFactory"
28-->[androidx.core:core:1.7.0] AndroidManifest.xml:24:18-86
29        android:debuggable="true"
30        android:icon="@mipmap/justble"
30-->src/main/AndroidManifest.xml:16:9-39
31        android:label="@string/app_name"
31-->src/main/AndroidManifest.xml:17:9-41
32        android:testOnly="true"
33        android:theme="@style/AppTheme" >
33-->src/main/AndroidManifest.xml:18:9-40
34        <activity
34-->src/main/AndroidManifest.xml:19:9-30:20
35            android:name="net.huray.caresens.MainActivity"
35-->src/main/AndroidManifest.xml:20:13-41
36            android:exported="true"
36-->src/main/AndroidManifest.xml:24:13-36
37            android:label="@string/app_name"
37-->src/main/AndroidManifest.xml:21:13-45
38            android:screenOrientation="portrait"
38-->src/main/AndroidManifest.xml:22:13-49
39            android:windowSoftInputMode="adjustPan" >
39-->src/main/AndroidManifest.xml:23:13-52
40            <intent-filter>
40-->src/main/AndroidManifest.xml:25:13-29:29
41                <action android:name="android.intent.action.MAIN" />
41-->src/main/AndroidManifest.xml:26:17-69
41-->src/main/AndroidManifest.xml:26:25-66
42
43                <category android:name="android.intent.category.LAUNCHER" />
43-->src/main/AndroidManifest.xml:28:17-77
43-->src/main/AndroidManifest.xml:28:27-74
44            </intent-filter>
45        </activity>
46
47        <service
47-->src/main/AndroidManifest.xml:32:9-34:38
48            android:name="net.huray.caresens.CaresensBluetoothService"
48-->src/main/AndroidManifest.xml:33:13-53
49            android:enabled="true" />
49-->src/main/AndroidManifest.xml:34:13-35
50        <service
50-->src/main/AndroidManifest.xml:36:9-38:38
51            android:name="com.isens.standard.ble.GlucoseBleService"
51-->src/main/AndroidManifest.xml:37:13-68
52            android:enabled="true"
52-->src/main/AndroidManifest.xml:38:13-35
53            android:exported="true" />
53-->[:caresensOriginalSdk] AndroidManifest.xml:46:13-36
54
55        <receiver
55-->src/main/AndroidManifest.xml:40:9-49:20
56            android:name="com.isens.standard.ble.BootReceiver"
56-->src/main/AndroidManifest.xml:41:13-63
57            android:enabled="true"
57-->src/main/AndroidManifest.xml:42:13-35
58            android:exported="true"
58-->src/main/AndroidManifest.xml:44:13-36
59            android:permission="android.permission.RECEIVE_BOOT_COMPLETED" >
59-->src/main/AndroidManifest.xml:43:13-75
60            <intent-filter>
60-->src/main/AndroidManifest.xml:45:13-48:29
61                <action android:name="android.intent.action.BOOT_COMPLETED" />
61-->src/main/AndroidManifest.xml:46:17-79
61-->src/main/AndroidManifest.xml:46:25-76
62
63                <category android:name="android.intent.category.DEFAULT" />
63-->src/main/AndroidManifest.xml:47:17-76
63-->src/main/AndroidManifest.xml:47:27-73
64            </intent-filter>
65        </receiver>
66
67        <activity
67-->[gun0912.ted:tedpermission:2.2.3] AndroidManifest.xml:10:9-14:67
68            android:name="com.gun0912.tedpermission.TedPermissionActivity"
68-->[gun0912.ted:tedpermission:2.2.3] AndroidManifest.xml:11:13-75
69            android:configChanges="mcc|mnc|locale|keyboard|keyboardHidden|screenLayout|fontScale|uiMode|orientation|screenSize|layoutDirection"
69-->[gun0912.ted:tedpermission:2.2.3] AndroidManifest.xml:12:13-144
70            android:screenOrientation="unspecified"
70-->[gun0912.ted:tedpermission:2.2.3] AndroidManifest.xml:13:13-52
71            android:theme="@style/Theme.Transparent.Permission" />
71-->[gun0912.ted:tedpermission:2.2.3] AndroidManifest.xml:14:13-64
72
73        <provider
73-->[androidx.emoji2:emoji2:1.0.0] AndroidManifest.xml:26:9-34:20
74            android:name="androidx.startup.InitializationProvider"
74-->[androidx.emoji2:emoji2:1.0.0] AndroidManifest.xml:27:13-67
75            android:authorities="net.huray.caresens.androidx-startup"
75-->[androidx.emoji2:emoji2:1.0.0] AndroidManifest.xml:28:13-68
76            android:exported="false" >
76-->[androidx.emoji2:emoji2:1.0.0] AndroidManifest.xml:29:13-37
77            <meta-data
77-->[androidx.emoji2:emoji2:1.0.0] AndroidManifest.xml:31:13-33:52
78                android:name="androidx.emoji2.text.EmojiCompatInitializer"
78-->[androidx.emoji2:emoji2:1.0.0] AndroidManifest.xml:32:17-75
79                android:value="androidx.startup" />
79-->[androidx.emoji2:emoji2:1.0.0] AndroidManifest.xml:33:17-49
80            <meta-data
80-->[androidx.lifecycle:lifecycle-process:2.4.0] AndroidManifest.xml:31:13-33:52
81                android:name="androidx.lifecycle.ProcessLifecycleInitializer"
81-->[androidx.lifecycle:lifecycle-process:2.4.0] AndroidManifest.xml:32:17-78
82                android:value="androidx.startup" />
82-->[androidx.lifecycle:lifecycle-process:2.4.0] AndroidManifest.xml:33:17-49
83        </provider>
84    </application>
85
86</manifest>